Arguments: 
  C:\Program Files\nodejs\node.exe C:\Users\przeb\AppData\Roaming\npm\node_modules\yarn\bin\yarn.js start

PATH: 
  C:\Users\przeb\bin;C:\Program Files\Git\mingw64\bin;C:\Program Files\Git\usr\local\bin;C:\Program Files\Git\usr\bin;C:\Program Files\Git\usr\bin;C:\Program Files\Git\mingw64\bin;C:\Program Files\Git\usr\bin;C:\Users\przeb\bin;C:\oraclexe\app\oracle\product\11.2.0\server\bin;C:\ProgramData\Oracle\Java\javapath;C:\Windows\system32;C:\Windows;C:\Windows\System32\Wbem;C:\Windows\System32\WindowsPowerShell\v1.0;C:\Program Files (x86)\NVIDIA Corporation\PhysX\Common;C:\Program Files\Java\jdk-9\bin;C:\Program Files\Git\cmd;C:\Program Files (x86)\Brackets\command;C:\WINDOWS\system32;C:\WINDOWS;C:\WINDOWS\System32\Wbem;C:\WINDOWS\System32\WindowsPowerShell\v1.0;C:\Program Files\nodejs;C:\TDM-GCC-64\bin;C:\WINDOWS\System32\OpenSSH;C:\Users\przeb\AppData\Local\Programs\Python\Python36-32\Scripts;C:\Users\przeb\AppData\Local\Programs\Python\Python36-32;C:\Users\przeb\AppData\Local\Microsoft\WindowsApps;C:\Program Files\Microsoft VS Code\bin;C:\Users\przeb\AppData\Local\Android\Sdk\platform-tools;C:\Users\przeb\AppData\Local\atom\bin;C:\Users\przeb\AppData\Roaming\npm;%USERPROFILE%\AppData\Local\Microsoft\WindowsApps;C:\Program Files\Git\usr\bin\vendor_perl;C:\Program Files\Git\usr\bin\core_perl

Yarn version: 
  1.5.1

Node version: 
  8.10.0

Platform: 
  win32 x64

npm manifest: 
  {
    "name": "web-app",
    "version": "1.0.0",
    "description": "A starter pack of each web-app or website",
    "main": "gulpfile.js",
    "scripts": {
      "test": "echo \"Error: no test specified\" && exit 1",
      "start": "gulp"
    },
    "author": "Patryk Przebirowski",
    "license": "ISC",
    "devDependencies": {
      "babel-core": "^6.26.3",
      "babel-preset-env": "^1.7.0",
      "babel-preset-es2015": "^6.24.1",
      "browser-sync": "^2.24.4",
      "gulp": "^3.9.1",
      "gulp-autoprefixer": "^5.0.0",
      "gulp-babel": "^7.0.1",
      "gulp-babel-minify": "^0.4.3",
      "gulp-clean-css": "^3.9.4",
      "gulp-imagemin": "^4.1.0",
      "gulp-sass": "^4.0.1",
      "gulp-wait": "^0.0.2",
      "sass": "^1.5.1"
    }
  }

yarn manifest: 
  No manifest

Lockfile: 
  No lockfile

Trace: 
  Error: Command failed.
  Exit code: 1
  Command: C:\WINDOWS\system32\cmd.exe
  Arguments: /d /s /c gulp
  Directory: D:\Projects\MasterMindJS
  Output:
  
      at ProcessTermError.MessageError (C:\Users\przeb\AppData\Roaming\npm\node_modules\yarn\lib\cli.js:186:110)
      at new ProcessTermError (C:\Users\przeb\AppData\Roaming\npm\node_modules\yarn\lib\cli.js:226:113)
      at ChildProcess.<anonymous> (C:\Users\przeb\AppData\Roaming\npm\node_modules\yarn\lib\cli.js:30281:17)
      at emitTwo (events.js:126:13)
      at ChildProcess.emit (events.js:214:7)
      at maybeClose (internal/child_process.js:925:16)
      at Process.ChildProcess._handle.onexit (internal/child_process.js:209:5)
